/Users/joe/Documents/RealMathUniverse/tools/patch_renderer_species_identity_v1_6B.py:228: SyntaxWarning: invalid escape sequence '\('
  rmuV16BSpeciesIdentityStatus = "loaded \(records)/\(particleCount)"
/Users/joe/Documents/RealMathUniverse/tools/patch_renderer_species_identity_v1_6B.py:470: SyntaxWarning: invalid escape sequence '\('
  repl = "vcvChannelCompactSummary()) | SPECIES_ID=\\\(rmuV16BSpeciesIdentityStatus) | SID_BUF=\\\(rmuV16BSpeciesIDBuffer != nil) | FID_BUF=\\\(rmuV16BFamilyIDBuffer != nil) | W_BUF=\\\(rmuV16BSpeciesWeightBuffer != nil)\\\") // RMU_V1_6B_DIAGNOSTICS_SPECIES_IDENTITY"
[0/1] Planning build
Building for production...
[0/3] Write sources
[1/3] Write swift-version--1AB21518FC5DEDBE.txt
[3/4] Compiling RealMathUniverseMetalRenderer main.swift
/Users/joe/Documents/RealMathUniverse/metal_renderer/Sources/RealMathUniverseMetalRenderer/main.swift:1349:5: error: insufficient indentation of next 12 lines in multi-line string literal
1347 |             constant float &gravityWellStrength [[buffer(19)]],
1348 |             uint id [[thread_position_in_grid]]
1349 |     // RMU_V1_6B_SHADER_SPECIES_ARGS_BEGIN
     |     |- error: insufficient indentation of next 12 lines in multi-line string literal
     |     `- note: change indentation of these lines to match closing delimiter
1350 |     , constant uint *rmuV16BSpeciesIDs [[buffer(20)]]
1351 |     , constant uint *rmuV16BFamilyIDs [[buffer(21)]]
     :
1534 |             return in.color;
1535 |         }
1536 |         """
     |     `- note: should match space here
1537 | 
1538 |         do {

/Users/joe/Documents/RealMathUniverse/metal_renderer/Sources/RealMathUniverseMetalRenderer/main.swift:1361:1: error: insufficient indentation of line in multi-line string literal
1359 |     , constant float &rmuV16BSpeciesControlEnabled [[buffer(30)]]
1360 |     // RMU_V1_6B_SHADER_SPECIES_ARGS_END
1361 | ) {
     | |- error: insufficient indentation of line in multi-line string literal
     | `- note: change indentation of this line to match closing delimiter
1362 |             if (id >= particleCount) { return; }
1363 | 
     :
1534 |             return in.color;
1535 |         }
1536 |         """
     | `- note: should match space here
1537 | 
1538 |         do {

/Users/joe/Documents/RealMathUniverse/metal_renderer/Sources/RealMathUniverseMetalRenderer/main.swift:1665:13: warning: variable 'rmuV16BProbabilityBank' was never mutated; consider changing to 'let' constant
1663 |         }
1664 | 
1665 |         var rmuV16BProbabilityBank = rmuV16BPackBank32(particleSpeciesProbability, fallback: 1.0)
     |             `- warning: variable 'rmuV16BProbabilityBank' was never mutated; consider changing to 'let' constant
1666 |         var rmuV16BSpeedBank = rmuV16BPackBank32(particleSpeciesSpeed, fallback: geospatialParticleSpeed)
1667 |         var rmuV16BMassBank = rmuV16BPackBank32(particleSpeciesMass, fallback: geospatialParticleMass)

/Users/joe/Documents/RealMathUniverse/metal_renderer/Sources/RealMathUniverseMetalRenderer/main.swift:1666:13: warning: variable 'rmuV16BSpeedBank' was never mutated; consider changing to 'let' constant
1664 | 
1665 |         var rmuV16BProbabilityBank = rmuV16BPackBank32(particleSpeciesProbability, fallback: 1.0)
1666 |         var rmuV16BSpeedBank = rmuV16BPackBank32(particleSpeciesSpeed, fallback: geospatialParticleSpeed)
     |             `- warning: variable 'rmuV16BSpeedBank' was never mutated; consider changing to 'let' constant
1667 |         var rmuV16BMassBank = rmuV16BPackBank32(particleSpeciesMass, fallback: geospatialParticleMass)
1668 |         var rmuV16BTurbulenceBank = rmuV16BPackBank32(particleSpeciesTurbulence, fallback: geospatialParticleTurbulence)

/Users/joe/Documents/RealMathUniverse/metal_renderer/Sources/RealMathUniverseMetalRenderer/main.swift:1667:13: warning: variable 'rmuV16BMassBank' was never mutated; consider changing to 'let' constant
1665 |         var rmuV16BProbabilityBank = rmuV16BPackBank32(particleSpeciesProbability, fallback: 1.0)
1666 |         var rmuV16BSpeedBank = rmuV16BPackBank32(particleSpeciesSpeed, fallback: geospatialParticleSpeed)
1667 |         var rmuV16BMassBank = rmuV16BPackBank32(particleSpeciesMass, fallback: geospatialParticleMass)
     |             `- warning: variable 'rmuV16BMassBank' was never mutated; consider changing to 'let' constant
1668 |         var rmuV16BTurbulenceBank = rmuV16BPackBank32(particleSpeciesTurbulence, fallback: geospatialParticleTurbulence)
1669 |         var rmuV16BCohesionBank = rmuV16BPackBank32(particleSpeciesCohesion, fallback: geospatialParticleCohesion)

/Users/joe/Documents/RealMathUniverse/metal_renderer/Sources/RealMathUniverseMetalRenderer/main.swift:1668:13: warning: variable 'rmuV16BTurbulenceBank' was never mutated; consider changing to 'let' constant
1666 |         var rmuV16BSpeedBank = rmuV16BPackBank32(particleSpeciesSpeed, fallback: geospatialParticleSpeed)
1667 |         var rmuV16BMassBank = rmuV16BPackBank32(particleSpeciesMass, fallback: geospatialParticleMass)
1668 |         var rmuV16BTurbulenceBank = rmuV16BPackBank32(particleSpeciesTurbulence, fallback: geospatialParticleTurbulence)
     |             `- warning: variable 'rmuV16BTurbulenceBank' was never mutated; consider changing to 'let' constant
1669 |         var rmuV16BCohesionBank = rmuV16BPackBank32(particleSpeciesCohesion, fallback: geospatialParticleCohesion)
1670 |         var rmuV16BColorBank = rmuV16BPackColorBank96(particleSpeciesColorRGB)

/Users/joe/Documents/RealMathUniverse/metal_renderer/Sources/RealMathUniverseMetalRenderer/main.swift:1669:13: warning: variable 'rmuV16BCohesionBank' was never mutated; consider changing to 'let' constant
1667 |         var rmuV16BMassBank = rmuV16BPackBank32(particleSpeciesMass, fallback: geospatialParticleMass)
1668 |         var rmuV16BTurbulenceBank = rmuV16BPackBank32(particleSpeciesTurbulence, fallback: geospatialParticleTurbulence)
1669 |         var rmuV16BCohesionBank = rmuV16BPackBank32(particleSpeciesCohesion, fallback: geospatialParticleCohesion)
     |             `- warning: variable 'rmuV16BCohesionBank' was never mutated; consider changing to 'let' constant
1670 |         var rmuV16BColorBank = rmuV16BPackColorBank96(particleSpeciesColorRGB)
1671 |         var rmuV16BEnabled = rmuV16BSpeciesControlEnabled

/Users/joe/Documents/RealMathUniverse/metal_renderer/Sources/RealMathUniverseMetalRenderer/main.swift:1670:13: warning: variable 'rmuV16BColorBank' was never mutated; consider changing to 'let' constant
1668 |         var rmuV16BTurbulenceBank = rmuV16BPackBank32(particleSpeciesTurbulence, fallback: geospatialParticleTurbulence)
1669 |         var rmuV16BCohesionBank = rmuV16BPackBank32(particleSpeciesCohesion, fallback: geospatialParticleCohesion)
1670 |         var rmuV16BColorBank = rmuV16BPackColorBank96(particleSpeciesColorRGB)
     |             `- warning: variable 'rmuV16BColorBank' was never mutated; consider changing to 'let' constant
1671 |         var rmuV16BEnabled = rmuV16BSpeciesControlEnabled
1672 | 

/Users/joe/Documents/RealMathUniverse/metal_renderer/Sources/RealMathUniverseMetalRenderer/main.swift:2039:13: warning: variable 'zeroVelocities' was never mutated; consider changing to 'let' constant
2037 |               let liveBuffer = device.makeBuffer(bytes: particles, length: byteCount, options: [.storageModeShared]) else { return }
2038 | 
2039 |         var zeroVelocities = Array(repeating: Particle(position: SIMD3<Float>(0, 0, 0)), count: particles.count)
     |             `- warning: variable 'zeroVelocities' was never mutated; consider changing to 'let' constant
2040 |         guard let velocityBuffer = device.makeBuffer(bytes: zeroVelocities, length: byteCount, options: [.storageModeShared]) else { return }
2041 | 
========================================================================
RealMathUniverse v1.6B_renderer_species_identity_metal
Project root: /Users/Joe/Documents/RealMathUniverse
========================================================================
WARNING: shader species args/effective block not found. The patch installed CPU/encoder buffers but did not locate the kernel.
The validator will mark SHADER_SPECIES_CONSUMPTION as false.
Patch flags:
  state_block_inserted=True
  loader_inserted=True
  same_upload_call_inserted=True
  post_gpu_buffer_call_inserted=True
  encoder_bindings_inserted=True
  shader_args_inserted=True
  shader_body_insert_anchor=False
  shader_kernel_found=True
  diagnostics_printDiagnostics_inserted=False_anchor_missing

Building renderer...
V1.6B PATCH FAILED: swift build failed; restored backup /Users/Joe/Documents/RealMathUniverse/backups/v1.6B_renderer_species_identity_metal/main.swift.20260507_035550.bak. Error: Command '['swift', 'build', '-c', 'release']' returned non-zero exit status 1.
